[    0.000000] Linux version 4.15.0-38-generic (buildd@lcy01-amd64-023) (gcc version 7.3.0 (Ubuntu 7.3.0-16ubuntu3)) #41-Ubuntu SMP Wed Oct 10 10:59:38 UTC 2018 (Ubuntu 4.15.0-38.41-generic 4.15.18)
[    0.000000] Command line: BOOT_IMAGE=/boot/vmlinuz-4.15.0-38-generic root=LABEL=cloudimg-rootfs ro console=tty1 console=ttyS0
[    0.000000] KERNEL supported cpus:
[    0.000000]   Intel GenuineIntel
[    0.000000]   AMD AuthenticAMD
[    0.000000]   Centaur CentaurHauls
[    0.000000] x86/fpu: Supporting XSAVE feature 0x001: 'x87 floating point registers'
[    0.000000] x86/fpu: Supporting XSAVE feature 0x002: 'SSE registers'
[    0.000000] x86/fpu: Supporting XSAVE feature 0x004: 'AVX registers'
[    0.000000] x86/fpu: xstate_offset[2]:  576, xstate_sizes[2]:  256
[    0.000000] x86/fpu: Enabled xstate features 0x7, context size is 832 bytes, using 'standard' format.
[    0.000000] e820: BIOS-provided physical RAM map:
[    0.000000] BIOS-e820: [mem 0x0000000000000000-0x000000000009fbff] usable
[    0.000000] BIOS-e820: [mem 0x000000000009fc00-0x000000000009ffff] reserved
[    0.000000] BIOS-e820: [mem 0x00000000000f0000-0x00000000000fffff] reserved
[    0.000000] BIOS-e820: [mem 0x0000000000100000-0x000000007cfeffff] usable
[    0.000000] BIOS-e820: [mem 0x000000007cff0000-0x000000007cffffff] ACPI data
[    0.000000] BIOS-e820: [mem 0x00000000fec00000-0x00000000fec00fff] reserved
[    0.000000] BIOS-e820: [mem 0x00000000fee00000-0x00000000fee00fff] reserved
[    0.000000] BIOS-e820: [mem 0x00000000fffc0000-0x00000000ffffffff] reserved
[    0.000000] NX (Execute Disable) protection: active
[    0.000000] SMBIOS 2.5 present.
[    0.000000] DMI: innotek GmbH VirtualBox/VirtualBox, BIOS VirtualBox 12/01/2006
[    0.000000] Hypervisor detected: KVM
[    0.000000] e820: last_pfn = 0x7cff0 max_arch_pfn = 0x400000000
[    0.000000] MTRR: Disabled
[    0.000000] x86/PAT: MTRRs disabled, skipping PAT initialization too.
[    0.000000] CPU MTRRs all blank - virtualized system.
[    0.000000] x86/PAT: Configuration [0-7]: WB  WT  UC- UC  WB  WT  UC- UC  
[    0.000000] found SMP MP-table at [mem 0x0009fff0-0x0009ffff] mapped at [        (ptrval)]
[    0.000000] Scanning 1 areas for low memory corruption
[    0.000000] RAMDISK: [mem 0x35ae3000-0x36d68fff]
[    0.000000] ACPI: Early table checksum verification disabled
[    0.000000] ACPI: RSDP 0x00000000000E0000 000024 (v02 VBOX  )
[    0.000000] ACPI: XSDT 0x000000007CFF0030 00003C (v01 VBOX   VBOXXSDT 00000001 ASL  00000061)
[    0.000000] ACPI: FACP 0x000000007CFF00F0 0000F4 (v04 VBOX   VBOXFACP 00000001 ASL  00000061)
[    0.000000] ACPI: DSDT 0x000000007CFF0470 0021FF (v02 VBOX   VBOXBIOS 00000002 INTL 20100528)
[    0.000000] ACPI: FACS 0x000000007CFF0200 000040
[    0.000000] ACPI: FACS 0x000000007CFF0200 000040
[    0.000000] ACPI: APIC 0x000000007CFF0240 000054 (v02 VBOX   VBOXAPIC 00000001 ASL  00000061)
[    0.000000] ACPI: SSDT 0x000000007CFF02A0 0001CC (v01 VBOX   VBOXCPUT 00000002 INTL 20100528)
[    0.000000] No NUMA configuration found
[    0.000000] Faking a node at [mem 0x0000000000000000-0x000000007cfeffff]
[    0.000000] NODE_DATA(0) allocated [mem 0x7cfc5000-0x7cfeffff]
[    0.000000] kvm-clock: cpu 0, msr 0:7cf44001, primary cpu clock
[    0.000000] kvm-clock: Using msrs 4b564d01 and 4b564d00
[    0.000000] kvm-clock: using sched offset of 3710817474 cycles
[    0.000000] clocksource: kvm-clock: mask: 0xffffffffffffffff max_cycles: 0x1cd42e4dffb, max_idle_ns: 881590591483 ns
[    0.000000] Zone ranges:
[    0.000000]   DMA      [mem 0x0000000000001000-0x0000000000ffffff]
[    0.000000]   DMA32    [mem 0x0000000001000000-0x000000007cfeffff]
[    0.000000]   Normal   empty
[    0.000000]   Device   empty
[    0.000000] Movable zone start for each node
[    0.000000] Early memory node ranges
[    0.000000]   node   0: [mem 0x0000000000001000-0x000000000009efff]
[    0.000000]   node   0: [mem 0x0000000000100000-0x000000007cfeffff]
[    0.000000] Initmem setup node 0 [mem 0x0000000000001000-0x000000007cfeffff]
[    0.000000] Reserved but unavailable: 98 pages
[    0.000000] ACPI: PM-Timer IO Port: 0x4008
[    0.000000] IOAPIC[0]: apic_id 1, version 32, address 0xfec00000, GSI 0-23
[    0.000000] ACPI: INT_SRC_OVR (bus 0 bus_irq 0 global_irq 2 dfl dfl)
[    0.000000] ACPI: INT_SRC_OVR (bus 0 bus_irq 9 global_irq 9 low level)
[    0.000000] Using ACPI (MADT) for SMP configuration information
[    0.000000] smpboot: Allowing 1 CPUs, 0 hotplug CPUs
[    0.000000] PM: Registered nosave memory: [mem 0x00000000-0x00000fff]
[    0.000000] PM: Registered nosave memory: [mem 0x0009f000-0x0009ffff]
[    0.000000] PM: Registered nosave memory: [mem 0x000a0000-0x000effff]
[    0.000000] PM: Registered nosave memory: [mem 0x000f0000-0x000fffff]
[    0.000000] e820: [mem 0x7d000000-0xfebfffff] available for PCI devices
[    0.000000] Booting paravirtualized kernel on KVM
[    0.000000] clocksource: refined-jiffies: mask: 0xffffffff max_cycles: 0xffffffff, max_idle_ns: 7645519600211568 ns
[    0.000000] random: get_random_bytes called from start_kernel+0x99/0x4fd with crng_init=0
[    0.000000] setup_percpu: NR_CPUS:8192 nr_cpumask_bits:1 nr_cpu_ids:1 nr_node_ids:1
[    0.000000] percpu: Embedded 46 pages/cpu @        (ptrval) s151552 r8192 d28672 u2097152
[    0.000000] PV qspinlock hash table entries: 256 (order: 0, 4096 bytes)
[    0.000000] Built 1 zonelists, mobility grouping on.  Total pages: 503865
[    0.000000] Policy zone: DMA32
[    0.000000] Kernel command line: BOOT_IMAGE=/boot/vmlinuz-4.15.0-38-generic root=LABEL=cloudimg-rootfs ro console=tty1 console=ttyS0
[    0.000000] Memory: 1966840K/2047544K available (12300K kernel code, 2472K rwdata, 4248K rodata, 2408K init, 2416K bss, 80704K reserved, 0K cma-reserved)
[    0.000000] SLUB: HWalign=64, Order=0-3, MinObjects=0, CPUs=1, Nodes=1
[    0.000000] Kernel/User page tables isolation: enabled
[    0.000000] ftrace: allocating 39175 entries in 154 pages
[    0.004000] Hierarchical RCU implementation.
[    0.004000] 	RCU restricting CPUs from NR_CPUS=8192 to nr_cpu_ids=1.
[    0.004000] 	Tasks RCU enabled.
[    0.004000] RCU: Adjusting geometry for rcu_fanout_leaf=16, nr_cpu_ids=1
[    0.004000] NR_IRQS: 524544, nr_irqs: 256, preallocated irqs: 16
[    0.004000] Console: colour VGA+ 80x25
[    0.004000] console [tty1] enabled
[    0.004000] console [ttyS0] enabled
[    0.004000] ACPI: Core revision 20170831
[    0.004000] ACPI: 2 ACPI AML tables successfully acquired and loaded
[    0.004000] APIC: Switch to symmetric I/O mode setup
[    0.004000] x2apic enabled
[    0.004000] Switched APIC routing to physical x2apic.
[    0.004000] ..TIMER: vector=0x30 apic1=0 pin1=2 apic2=-1 pin2=-1
[    0.004005] tsc: Detected 2495.998 MHz processor
[    0.008010] Calibrating delay loop (skipped) preset value.. 4991.99 BogoMIPS (lpj=9983992)
[    0.012005] pid_max: default: 32768 minimum: 301
[    0.016032] Security Framework initialized
[    0.020005] Yama: becoming mindful.
[    0.020803] AppArmor: AppArmor initialized
[    0.028107] Dentry cache hash table entries: 262144 (order: 9, 2097152 bytes)
[    0.036029] Inode-cache hash table entries: 131072 (order: 8, 1048576 bytes)
[    0.038017] Mount-cache hash table entries: 4096 (order: 3, 32768 bytes)
[    0.040017] Mountpoint-cache hash table entries: 4096 (order: 3, 32768 bytes)
[    0.041871] mce: CPU supports 0 MCE banks
[    0.044014] process: using mwait in idle threads
[    0.048008] Last level iTLB entries: 4KB 64, 2MB 8, 4MB 8
[    0.049205] Last level dTLB entries: 4KB 64, 2MB 0, 4MB 0, 1GB 4
[    0.052006] Spectre V2 : Mitigation: Full generic retpoline
[    0.056002] Spectre V2 : Spectre v2 / SpectreRSB mitigation: Filling RSB on context switch
[    0.060005] Speculative Store Bypass: Vulnerable
[    0.077299] Freeing SMP alternatives memory: 36K
[    0.084000] smpboot: CPU0: Intel(R) Core(TM) i7-7660U CPU @ 2.50GHz (family: 0x6, model: 0x8e, stepping: 0x9)
[    0.084060] Performance Events: unsupported p6 CPU model 142 no PMU driver, software events only.
[    0.088029] Hierarchical SRCU implementation.
[    0.092458] NMI watchdog: Perf event create on CPU 0 failed with -2
[    0.094027] NMI watchdog: Perf NMI watchdog permanently disabled
[    0.096049] smp: Bringing up secondary CPUs ...
[    0.100005] smp: Brought up 1 node, 1 CPU
[    0.101010] smpboot: Max logical packages: 1
[    0.104118] smpboot: Total of 1 processors activated (4991.99 BogoMIPS)
[    0.108141] devtmpfs: initialized
[    0.112047] x86/mm: Memory block size: 128MB
[    0.116159] evm: security.selinux
[    0.116945] evm: security.SMACK64
[    0.120009] evm: security.SMACK64EXEC
[    0.124005] evm: security.SMACK64TRANSMUTE
[    0.128003] evm: security.SMACK64MMAP
[    0.132004] evm: security.apparmor
[    0.136004] evm: security.ima
[    0.140003] evm: security.capability
[    0.144111] clocksource: jiffies: mask: 0xffffffff max_cycles: 0xffffffff, max_idle_ns: 7645041785100000 ns
[    0.148018] futex hash table entries: 256 (order: 2, 16384 bytes)
[    0.152056] pinctrl core: initialized pinctrl subsystem
[    0.153548] RTC time: 22:07:57, date: 11/05/18
[    0.154709] NET: Registered protocol family 16
[    0.156064] audit: initializing netlink subsys (disabled)
[    0.157782] cpuidle: using governor ladder
[    0.158834] cpuidle: using governor menu
[    0.160051] ACPI: bus type PCI registered
[    0.164004] acpiphp: ACPI Hot Plug PCI Controller Driver version: 0.5
[    0.168011] audit: type=2000 audit(1541455681.536:1): state=initialized audit_enabled=0 res=1
[    0.172109] PCI: Using configuration type 1 for base access
[    0.176856] HugeTLB registered 2.00 MiB page size, pre-allocated 0 pages
[    0.180439] ACPI: Added _OSI(Module Device)
[    0.184011] ACPI: Added _OSI(Processor Device)
[    0.188007] ACPI: Added _OSI(3.0 _SCP Extensions)
[    0.192004] ACPI: Added _OSI(Processor Aggregator Device)
[    0.196019] ACPI: Added _OSI(Linux-Dell-Video)
[    0.200028] ACPI: Added _OSI(Linux-Lenovo-NV-HDMI-Audio)
[    0.201814] ACPI: Executed 1 blocks of module-level executable AML code
[    0.207054] ACPI: Interpreter enabled
[    0.208016] ACPI: (supports S0 S5)
[    0.208872] ACPI: Using IOAPIC for interrupt routing
[    0.210257] PCI: Using host bridge windows from ACPI; if necessary, use "pci=nocrs" and report a bug
[    0.212274] ACPI: Enabled 2 GPEs in block 00 to 07
[    0.227418] ACPI: PCI Root Bridge [PCI0] (domain 0000 [bus 00-ff])
[    0.228010] acpi PNP0A03:00: _OSC: OS supports [ASPM ClockPM Segments MSI]
[    0.232055] acpi PNP0A03:00: _OSC: not requesting OS control; OS requires [ExtendedConfig ASPM ClockPM MSI]
[    0.236023] acpi PNP0A03:00: fail to add MMCONFIG information, can't access extended PCI configuration space under this bridge.
[    0.244131] PCI host bridge to bus 0000:00
[    0.247050] pci_bus 0000:00: root bus resource [io  0x0000-0x0cf7 window]
[    0.248010] pci_bus 0000:00: root bus resource [io  0x0d00-0xffff window]
[    0.252009] pci_bus 0000:00: root bus resource [mem 0x000a0000-0x000bffff window]
[    0.256009] pci_bus 0000:00: root bus resource [mem 0x7d000000-0xfdffffff window]
[    0.260003] pci_bus 0000:00: root bus resource [bus 00-ff]
[    0.266421] pci 0000:00:01.1: legacy IDE quirk: reg 0x10: [io  0x01f0-0x01f7]
[    0.268008] pci 0000:00:01.1: legacy IDE quirk: reg 0x14: [io  0x03f6]
[    0.272006] pci 0000:00:01.1: legacy IDE quirk: reg 0x18: [io  0x0170-0x0177]
[    0.276004] pci 0000:00:01.1: legacy IDE quirk: reg 0x1c: [io  0x0376]
[    0.314114] pci 0000:00:07.0: quirk: [io  0x4000-0x403f] claimed by PIIX4 ACPI
[    0.316024] pci 0000:00:07.0: quirk: [io  0x4100-0x410f] claimed by PIIX4 SMB
[    0.335778] ACPI: PCI Interrupt Link [LNKA] (IRQs 5 9 10 *11)
[    0.336300] ACPI: PCI Interrupt Link [LNKB] (IRQs 5 9 *10 11)
[    0.340117] ACPI: PCI Interrupt Link [LNKC] (IRQs 5 *9 10 11)
[    0.344136] ACPI: PCI Interrupt Link [LNKD] (IRQs 5 9 10 *11)
[    0.348358] SCSI subsystem initialized
[    0.349917] pci 0000:00:02.0: vgaarb: setting as boot VGA device
[    0.351371] pci 0000:00:02.0: vgaarb: VGA device added: decodes=io+mem,owns=io+mem,locks=none
[    0.352007] pci 0000:00:02.0: vgaarb: bridge control possible
[    0.353477] vgaarb: loaded
[    0.356041] ACPI: bus type USB registered
[    0.357015] usbcore: registered new interface driver usbfs
[    0.358274] usbcore: registered new interface driver hub
[    0.359501] usbcore: registered new device driver usb
[    0.360070] EDAC MC: Ver: 3.0.0
[    0.364316] PCI: Using ACPI for IRQ routing
[    0.365684] NetLabel: Initializing
[    0.366854] NetLabel:  domain hash size = 128
[    0.368004] NetLabel:  protocols = UNLABELED CIPSOv4 CALIPSO
[    0.369412] NetLabel:  unlabeled traffic allowed by default
[    0.370884] clocksource: Switched to clocksource kvm-clock
[    0.380356] VFS: Disk quotas dquot_6.6.0
[    0.397468] VFS: Dquot-cache hash table entries: 512 (order 0, 4096 bytes)
[    0.418681] AppArmor: AppArmor Filesystem Enabled
[    0.419853] pnp: PnP ACPI init
[    0.422079] pnp: PnP ACPI: found 3 devices
[    0.437534] clocksource: acpi_pm: mask: 0xffffff max_cycles: 0xffffff, max_idle_ns: 2085701024 ns
[    0.442342] NET: Registered protocol family 2
[    0.445511] TCP established hash table entries: 16384 (order: 5, 131072 bytes)
[    0.447491] TCP bind hash table entries: 16384 (order: 6, 262144 bytes)
[    0.449356] TCP: Hash tables configured (established 16384 bind 16384)
[    0.471745] UDP hash table entries: 1024 (order: 3, 32768 bytes)
[    0.487598] UDP-Lite hash table entries: 1024 (order: 3, 32768 bytes)
[    0.514350] NET: Registered protocol family 1
[    0.541731] pci 0000:00:00.0: Limiting direct PCI/PCI transfers
[    0.580128] pci 0000:00:01.0: Activating ISA DMA hang workarounds
[    0.586667] pci 0000:00:02.0: Video device with shadowed ROM at [mem 0x000c0000-0x000dffff]
[    0.608763] Unpacking initramfs...
[    0.853222] Freeing initrd memory: 18968K
[    0.854395] platform rtc_cmos: registered platform RTC device (no PNP device found)
[    0.867795] Scanning for low memory corruption every 60 seconds
[    0.869495] Initialise system trusted keyrings
[    0.870556] Key type blacklist registered
[    0.871539] workingset: timestamp_bits=36 max_order=19 bucket_order=0
[    0.873821] zbud: loaded
[    0.874868] squashfs: version 4.0 (2009/01/31) Phillip Lougher
[    0.878423] fuse init (API version 7.26)
[    0.888454] Key type asymmetric registered
[    0.889420] Asymmetric key parser 'x509' registered
[    0.913913] Block layer SCSI generic (bsg) driver version 0.4 loaded (major 246)
[    0.927113] io scheduler noop registered
[    0.940907] io scheduler deadline registered
[    0.951462] io scheduler cfq registered (default)
[    0.953024] ACPI: AC Adapter [AC] (off-line)
[    0.965446] input: Power Button as /devices/LNXSYSTM:00/LNXPWRBN:00/input/input0
[    0.967433] ACPI: Power Button [PWRF]
[    0.973206] input: Sleep Button as /devices/LNXSYSTM:00/LNXSLPBN:00/input/input1
[    0.988407] ACPI: Sleep Button [SLPF]
[    1.011474] ACPI: Battery Slot [BAT0] (battery present)
[    1.035629] Serial: 8250/16550 driver, 32 ports, IRQ sharing enabled
[    1.092558] 00:02: ttyS0 at I/O 0x3f8 (irq = 4, base_baud = 115200) is a 16550A
[    1.128330] Linux agpgart interface v0.103
[    1.134640] loop: module loaded
[    1.151649] scsi host0: ata_piix
[    1.160711] scsi host1: ata_piix
[    1.161695] ata1: PATA max UDMA/33 cmd 0x1f0 ctl 0x3f6 bmdma 0xd000 irq 14
[    1.164929] ata2: PATA max UDMA/33 cmd 0x170 ctl 0x376 bmdma 0xd008 irq 15
[    1.171886] libphy: Fixed MDIO Bus: probed
[    1.179973] tun: Universal TUN/TAP device driver, 1.6
[    1.183564] PPP generic driver version 2.4.2
[    1.187712] ehci_hcd: USB 2.0 'Enhanced' Host Controller (EHCI) Driver
[    1.206169] ehci-pci: EHCI PCI platform driver
[    1.210343] ehci-platform: EHCI generic platform driver
[    1.214846] ohci_hcd: USB 1.1 'Open' Host Controller (OHCI) Driver
[    1.218517] ohci-pci: OHCI PCI platform driver
[    1.221491] ohci-platform: OHCI generic platform driver
[    1.225899] uhci_hcd: USB Universal Host Controller Interface driver
[    1.227638] i8042: PNP: PS/2 Controller [PNP0303:PS2K,PNP0f03:PS2M] at 0x60,0x64 irq 1,12
[    1.231880] serio: i8042 KBD port at 0x60,0x64 irq 1
[    1.248341] serio: i8042 AUX port at 0x60,0x64 irq 12
[    1.249591] mousedev: PS/2 mouse device common for all mice
[    1.281468] input: AT Translated Set 2 keyboard as /devices/platform/i8042/serio0/input/input2
[    1.318706] rtc_cmos rtc_cmos: rtc core: registered rtc_cmos as rtc0
[    1.339590] rtc_cmos rtc_cmos: alarms up to one day, 114 bytes nvram
[    1.343386] i2c /dev entries driver
[    1.345720] pcie_mp2_amd: AMD(R) PCI-E MP2 Communication Driver Version: 1.0
[    1.347511] device-mapper: uevent: version 1.0.3
[    1.360499] device-mapper: ioctl: 4.37.0-ioctl (2017-09-20) initialised: dm-devel@redhat.com
[    1.387418] ledtrig-cpu: registered to indicate activity on CPUs
[    1.390825] intel_pmc_core:  initialized
[    1.392718] NET: Registered protocol family 10
[    1.413659] Segment Routing with IPv6
[    1.431302] NET: Registered protocol family 17
[    1.448636] Key type dns_resolver registered
[    1.460867] RAS: Correctable Errors collector initialized.
[    1.477303] sched_clock: Marking stable (1477252295, 0)->(3378841877, -1901589582)
[    1.507737] registered taskstats version 1
[    1.516785] Loading compiled-in X.509 certificates
[    1.520762] Loaded X.509 cert 'Build time autogenerated kernel key: f3a9ae7fdf18cf897e7c53db8499a9c1252f0be9'
[    1.531333] zswap: loaded using pool lzo/zbud
[    1.540493] Key type big_key registered
[    1.541810] Key type trusted registered
[    1.555165] Key type encrypted registered
[    1.561948] AppArmor: AppArmor sha1 policy hashing enabled
[    1.572234] ima: No TPM chip found, activating TPM-bypass! (rc=-19)
[    1.573901] ima: Allocated hash algorithm: sha1
[    1.575189] evm: HMAC attrs: 0x1
[    1.584848]   Magic number: 10:804:147
[    1.586079] pci 0000:00:14.0: hash matches
[    1.596456] rtc_cmos rtc_cmos: setting system clock to 2018-11-05 22:07:59 UTC (1541455679)
[    1.599721] BIOS EDD facility v0.16 2004-Jun-25, 0 devices found
[    1.640889] EDD information not available.
[    1.651034] Freeing unused kernel memory: 2408K
[    1.668258] Write protecting the kernel read-only data: 20480k
[    1.670423] Freeing unused kernel memory: 2008K
[    1.681076] Freeing unused kernel memory: 1896K
[    1.693840] x86/mm: Checked W+X mappings: passed, no W+X pages found.
[    1.719095] x86/mm: Checking user space page tables
[    1.724684] x86/mm: Checked W+X mappings: passed, no W+X pages found.
Loading, please wait...
starting version 237
[    1.851909] e1000: Intel(R) PRO/1000 Network Driver - version 7.3.21-k8-NAPI
[    1.868299] e1000: Copyright (c) 1999-2006 Intel Corporation.
[    1.869718] tsc: Refined TSC clocksource calibration: 2494.510 MHz
[    1.871328] clocksource: tsc: mask: 0xffffffffffffffff max_cycles: 0x23f4f77cb13, max_idle_ns: 440795223355 ns
[    1.883703] Fusion MPT base driver 3.04.20
[    1.885075] Copyright (c) 1999-2008 LSI Corporation
[    1.907191] Fusion MPT SPI Host driver 3.04.20
[    1.944722] AVX2 version of gcm_enc/dec engaged.
[    1.988690] AES CTR mode by8 optimization enabled
[    2.142713] input: ImExPS/2 Generic Explorer Mouse as /devices/platform/i8042/serio1/input/input4
[    2.507396] e1000 0000:00:03.0 eth0: (PCI:33MHz:32-bit) 02:e7:d7:0b:b7:70
[    2.518141] e1000 0000:00:03.0 eth0: Intel(R) PRO/1000 Network Connection
[    2.531536] mptbase: ioc0: Initiating bringup
[    2.636719] ioc0: LSI53C1030 A0: Capabilities={Initiator}
[    2.889124] scsi host2: ioc0: LSI53C1030 A0, FwRev=00000000h, Ports=1, MaxQ=256, IRQ=20
[    3.066843] scsi 2:0:0:0: Direct-Access     VBOX     HARDDISK         1.0  PQ: 0 ANSI: 5
[    3.111885] scsi target2:0:0: Beginning Domain Validation
[    3.113924] random: fast init done
[    3.114991] scsi target2:0:0: Domain Validation skipping write tests
[    3.148822] scsi target2:0:0: Ending Domain Validation
[    3.204743] scsi target2:0:0: asynchronous
[    3.310011] scsi 2:0:1:0: Direct-Access     VBOX     HARDDISK         1.0  PQ: 0 ANSI: 5
[    3.311955] scsi target2:0:1: Beginning Domain Validation
[    3.373207] scsi target2:0:1: Domain Validation skipping write tests
[    3.381762] scsi target2:0:1: Ending Domain Validation
[    3.404095] scsi target2:0:1: asynchronous
[    3.486882] sd 2:0:0:0: Attached scsi generic sg0 type 0
[    3.502222] random: systemd-udevd: uninitialized urandom read (16 bytes read)
[    3.504020] random: systemd-udevd: uninitialized urandom read (16 bytes read)
[    3.519612] sd 2:0:0:0: [sda] 20971520 512-byte logical blocks: (10.7 GB/10.0 GiB)
[    3.534383] sd 2:0:1:0: Attached scsi generic sg1 type 0
[    3.581637] sd 2:0:1:0: [sdb] 20480 512-byte logical blocks: (10.5 MB/10.0 MiB)
[    3.607997] sd 2:0:0:0: [sda] Write Protect is off
[    3.651603] random: systemd-udevd: uninitialized urandom read (16 bytes read)
[    3.688995] sd 2:0:1:0: [sdb] Write Protect is off
[    3.755445] sd 2:0:0:0: [sda] Incomplete mode parameter data
[    3.778775] sd 2:0:0:0: [sda] Assuming drive cache: write through
[    3.876248] sd 2:0:1:0: [sdb] Incomplete mode parameter data
[    3.878047] sd 2:0:1:0: [sdb] Assuming drive cache: write through
[    3.909101]  sda: sda1
[    3.910183] sd 2:0:1:0: [sdb] Attached SCSI disk
[    3.917616] sd 2:0:0:0: [sda] Attached SCSI disk
[    3.960922] e1000 0000:00:08.0 eth1: (PCI:33MHz:32-bit) 08:00:27:4c:a6:b5
[    4.020578] e1000 0000:00:08.0 eth1: Intel(R) PRO/1000 Network Connection
[    4.045802] e1000 0000:00:08.0 enp0s8: renamed from eth1
[    4.050607] e1000 0000:00:03.0 enp0s3: renamed from eth0
Begin: Loading essential drivers ... [    5.404042] raid6: sse2x1   gen()  9800 MB/s
[    5.456051] raid6: sse2x1   xor()  7609 MB/s
[    5.508221] raid6: sse2x2   gen() 12279 MB/s
[    5.556125] raid6: sse2x2   xor()  9658 MB/s
[    5.607252] raid6: sse2x4   gen() 14344 MB/s
[    5.656084] raid6: sse2x4   xor()  4421 MB/s
[    5.708148] raid6: avx2x1   gen() 11651 MB/s
[    5.756047] raid6: avx2x1   xor() 17934 MB/s
[    5.816403] raid6: avx2x2   gen() 27398 MB/s
[    5.864626] raid6: avx2x2   xor() 18129 MB/s
[    5.912051] raid6: avx2x4   gen() 24719 MB/s
[    5.983137] raid6: avx2x4   xor() 23709 MB/s
[    5.991987] raid6: using algorithm avx2x2 gen() 27398 MB/s
[    6.055005] raid6: .... xor() 18129 MB/s, rmw enabled
[    6.110335] raid6: using avx2x2 recovery algorithm
[    6.124390] xor: automatically using best checksumming function   avx       
[    6.138921] async_tx: api initialized (async)
done.
Begin: Running /scripts/init-premount ... done.
Begin: Mounting root file sys[    6.210418] Btrfs loaded, crc32c=crc32c-intel
tem ... Begin: Running /scripts/local-top ... done.
Begin: Running /scripts/local-premount ... Scanning for Btrfs filesystems
done.
Warning: fsck not present, so sk[    6.265931] EXT4-fs (sda1): mounted filesystem with ordered data mode. Opts: (null)
ipping root file system
done.
Begin: Running /scripts/local-bottom ... done.
Begin: Running /scripts/init-bottom ... done.
[    6.486567] ip_tables: (C) 2000-2006 Netfilter Core Team
[    6.495370] systemd[1]: systemd 237 running in system mode. (+PAM +AUDIT +SELINUX +IMA +APPARMOR +SMACK +SYSVINIT +UTMP +LIBCRYPTSETUP +GCRYPT +GNUTLS +ACL +XZ +LZ4 +SECCOMP +BLKID +ELFUTILS +KMOD -IDN2 +IDN -PCRE2 default-hierarchy=hybrid)
[    6.499374] systemd[1]: Detected virtualization oracle.
[    6.508269] systemd[1]: Detected architecture x86-64.

Welcome to [1mUbuntu 18.04.1 LTS[0m!

[    6.553758] systemd[1]: Set hostname to <ubuntu-bionic>.
[    6.895366] systemd[1]: Created slice User and Session Slice.
[[0;32m  OK  [0m] Created slice User and Session Slice.
[    6.944649] systemd[1]: Reached target User and Group Name Lookups.
[[0;32m  OK  [0m] Reached target User and Group Name Lookups.
[    6.970872] systemd[1]: Reached target Swap.
[[0;32m  OK  [0m] Reached target Swap.
[    7.037551] systemd[1]: Set up automount Arbitrary Executable File Formats File System Automount Point.
[[0;32m  OK  [0m] Set up automount Arbitrary Executab…rmats File System Automount Point.
[    7.128905] systemd[1]: Reached target System Time Synchronized.
[[0;32m  OK  [0m] Reached target System Time Synchronized.
[    7.217155] systemd[1]: Started Forward Password Requests to Wall Directory Watch.
[[0;32m  OK  [0m] Started Forward Password Requests to Wall Directory Watch.
[[0;32m  OK  [0m] Created slice System Slice.
[[0;32m  OK  [0m] Listening on Journal Audit Socket.
[[0;32m  OK  [0m] Listening on Device-mapper event daemon FIFOs.
[[0;32m  OK  [0m] Listening on Syslog Socket.
[[0;32m  OK  [0m] Listening on RPCbind Server Activation Socket.
[[0;32m  OK  [0m] Listening on udev Kernel Socket.
[[0;32m  OK  [0m] Listening on /dev/initctl Compatibility Named Pipe.
[[0;32m  OK  [0m] Reached target Slices.
[[0;32m  OK  [0m] Listening on Journal Socket (/dev/log).
[[0;32m  OK  [0m] Listening on LVM2 poll daemon socket.
[[0;32m  OK  [0m] Listening on LVM2 metadata daemon socket.
[[0;32m  OK  [0m] Listening on udev Control Socket.
[[0;32m  OK  [0m] Created slice system-postfix.slice.
[[0;32m  OK  [0m] Listening on Network Service Netlink Socket.
[[0;32m  OK  [0m] Created slice system-serial\x2dgetty.slice.
[[0;32m  OK  [0m] Listening on Journal Socket.
         Mounting Huge Pages File System...
         Mounting Kernel Debug File System...
         Starting Uncomplicated firewall...
         Starting Monitoring of LVM2 mirrors…ng dmeventd or progress polling...
         Mounting RPC Pipe File System...
         Mounting POSIX Message Queue File System...
         [    7.604477] RPC: Registered named UNIX socket transport module.
Starting Load Kernel Modules...
[    7.617662] RPC: Registered udp transport module.
[    7.635596] RPC: Registered tcp transport module.
[    7.637960] RPC: Registered tcp NFSv4.1 backchannel transport module.
         Starting udev Coldplug all Devices...
[    7.652931] Loading iSCSI transport class v2.0-870.
         Starting Set the console keyboard layout...
[    7.674820] iscsi: registered transport (tcp)
         Starting Journal Service...
         Starting Create list of required st…ce nodes for the current kernel...
         Starting Remount Root and Kernel File Systems...[    7.748982] iscsi: registered transport (iser)

[    7.773404] EXT4-fs (sda1): re-mounted. Opts: (null)
[[0;32m  OK  [0m] Started Journal Service.
[[0;32m  OK  [0m] Mounted Huge Pages File System.
[[0;32m  OK  [0m] Mounted Kernel Debug File System.
[[0;32m  OK  [0m] Started Uncomplicated firewall.
[[0;32m  OK  [0m] Mounted RPC Pipe File System.
[[0;32m  OK  [0m] Mounted POSIX Message Queue File System.
[[0;32m  OK  [0m] Started Load Kernel Modules.
[[0;32m  OK  [0m] Started Create list of required sta…vice nodes for the current kernel.
[[0;32m  OK  [0m] Started Remount Root and Kernel File Systems.
[[0;32m  OK  [0m] Started LVM2 metadata daemon.
         Starting Load/Save Random Seed...
         Starting Initial cloud-init job (pre-networking)...
         Starting Create Static Device Nodes in /dev...
         Mounting Kernel Configuration File System...
         Mounting FUSE Control File System...
         Starting Apply Kernel Variables...
         Starting Flush Journal to Persistent Storage...
[[    7.988504] random: crng init done
[    7.989588] random: 7 urandom warning(s) missed due to ratelimiting
[0;32m  OK  [0m] Started Monitoring of LVM2 mirrors,…sing dmeventd or progress polling.
[[0;32m  OK  [0m] Started Set the console keyboard layout.
[[0;32m  OK  [0m] Started udev Coldplug all Devices.
[[0;32m  OK  [0m] Started Load/Save Random Seed.
[[0;32m  OK  [0m] Started Create Static Device Nodes in /dev.
[[0;32m  OK  [0m] Mounted Kernel Configuration File System.
[[0;32m  OK  [0m] Mounted FUSE Control File System.
         Starting udev Kernel Device Manager...
[[0;32m  OK  [0m] Reached target Local File Systems (Pre).
[[0;32m  OK  [0m] Reached target Local File Systems.
         Starting ebtables ruleset management...
         Starting Tell Plymouth To Write Out Runtime Data...
         Starting Preprocess NFS configuration...
         Starting AppArmor initialization...
         Starting Set console font and keymap...
[[0;32m  OK  [0m] Started udev Kernel Device Manager.
[[0;32m  OK  [0m] Started Apply Kernel Variables.
[[0;32m  OK  [0m] Started Dispatch Password Requests to Console Directory Watch.
[[0;32m  OK  [0m] Reached target Local Encrypted Volumes.
[[0;32m  OK  [0m] Started Tell Plymouth To Write Out Runtime Data.
[[0;32m  OK  [0m] Started Preprocess NFS configuration.
[[0;32m  OK  [0m] Started Set console font and keymap.
[[0;32m  OK  [0m] Reached target NFS client services.
[[0;32m  OK  [0m] Started Flush Journal to Persistent Storage.
         Starting Create Volatile Files and Directories...
[[0;32m  OK  [0m] Started ebtables ruleset management.
[[0;32m  OK  [0m] Started Create Volatile Files and Directories.
         Starting RPC bind portmap service...
         Starting Update UTMP about System Boot/Shutdown...
[[0;32m  OK  [0m] Started RPC bind portmap service.
[[0;32m  OK  [0m] Reached target RPC Port Mapper.
[[0;32m  OK  [0m] Started Update UTMP about System Boot/Shutdown.
[[0;32m  OK  [0m] Found device /dev/ttyS0.
[[0;32m  OK  [0m] Started AppArmor initialization.
[[0;32m  OK  [0m] Listening on Load/Save RF Kill Switch Status /dev/rfkill Watch.
[    9.637462] cloud-init[412]: Cloud-init v. 18.4-0ubuntu1~18.04.1 running 'init-local' at Mon, 05 Nov 2018 22:08:07 +0000. Up 9.44 seconds.
[[0;32m  OK  [0m] Started Initial cloud-init job (pre-networking).
[[0;32m  OK  [0m] Reached target Network (Pre).
         Starting Network Service...
[[0;32m  OK  [0m] Started Network Service.
         Starting Network Name Resolution...
         Starting Wait for Network to be Configured...
[[0;32m  OK  [0m] Started Network Name Resolution.
[[0;32m  OK  [0m] Reached target Host and Network Name Lookups.
[[0;32m  OK  [0m] Reached target Network.
[[0;32m  OK  [0m] Started Wait for Network to be Configured.
         Starting Initial cloud-init job (metadata service crawler)...
[   12.912741] cloud-init[656]: Cloud-init v. 18.4-0ubuntu1~18.04.1 running 'init' at Mon, 05 Nov 2018 22:08:10 +0000. Up 12.49 seconds.
[   12.924663] cloud-init[656]: ci-info: ++++++++++++++++++++++++++++++++++++++Net device info+++++++++++++++++++++++++++++++++++++++
[   12.928466] cloud-init[656]: ci-info: +--------+------+-----------------------------+---------------+--------+-------------------+
[   12.940240] cloud-init[656]: ci-info: | Device |  Up  |           Address           |      Mask     | Scope  |     Hw-Address    |
[   12.948670] cloud-init[656]: ci-info: +--------+------+-----------------------------+---------------+--------+-------------------+
[   12.984382] cloud-init[656]: ci-info: | enp0s3 | True |          10.0.2.15          | 255.255.255.0 | global | 02:e7:d7:0b:b7:70 |
[   12.997039] cloud-init[656]: ci-info: | enp0s3 | True |  fe80::e7:d7ff:fe0b:b770/64 |       .       |  link  | 02:e7:d7:0b:b7:70 |
[   13.005987] cloud-init[656]: ci-info: | enp0s8 | True |        192.168.56.101       | 255.255.255.0 | global | 08:00:27:4c:a6:b5 |
[[0;32m  OK  [0m[   13.092495] cloud-init[656]: ci-info: | enp0s8 | True | fe80::a00:27ff:fe4c:a6b5/64 |       .       |  link  | 08:00:27:4c:a6:b5 |
[   13.092754] cloud-init[656]: ci-info: |   lo   | True |          127.0.0.1          |   255.0.0.0   |  host  |         .         |
[   13.092807] cloud-init[656]: ci-info: |   lo   | True |           ::1/128           |       .       |  host  |         .         |
[   13.092851] cloud-init[656]: ci-info: +--------+------+-----------------------------+---------------+--------+-------------------+
[   13.092893] cloud-init[656]: ci-info: +++++++++++++++++++++++++++++Route IPv4 info+++++++++++++++++++++++++++++
[   13.092997] cloud-init[656]: ci-info: +-------+--------------+----------+-----------------+-----------+-------+
[   13.093072] cloud-init[656]: ci-info: | Route | Destination  | Gateway  |     Genmask     | Interface | Flags |
[   13.093207] cloud-init[656]: ci-info: +-------+--------------+----------+-----------------+-----------+-------+
[   13.093329] cloud-init[656]: ci-info: |   0   |   0.0.0.0    | 10.0.2.2 |     0.0.0.0     |   enp0s3  |   UG  |
[   13.093471] cloud-init[656]: ci-info: |   1   |   10.0.2.0   | 0.0.0.0  |  255.255.255.0  |   enp0s3  |   U   |
[   13.093658] cloud-init[656]: ci-info: |   2   |   10.0.2.2   | 0.0.0.0  | 255.255.255.255 |   enp0s3  |   UH  |
[   13.093706] cloud-init[656]: ci-info: |   3   | 192.168.56.0 | 0.0.0.0  |  255.255.255.0  |   enp0s8  |   U   |
[   13.093752] cloud-init[656]: ci-info: +-------+--------------+----------+-----------------+-----------+-------+
[   13.093785] cloud-init[656]: ci-info: +++++++++++++++++++Route IPv6 info+++++++++++++++++++
[   13.093971] cloud-init[656]: ci-info: +-------+-------------+---------+-----------+-------+
[   13.094106] cloud-init[656]: ci-info: | Route | Destination | Gateway | Interface | Flags |
[   13.094180] cloud-init[656]: ci-info: +-------+-------------+---------+-----------+-------+
[   13.094314] cloud-init[656]: ci-info: |   1   |  fe80::/64  |    ::   |   enp0s8  |   U   |
[   13.094466] cloud-init[656]: ci-info: |   2   |  fe80::/64  |    ::   |   enp0s3  |   U   |
[   13.094617] cloud-init[656]: ci-info: |   4   |    local    |    ::   |   enp0s3  |   U   |
[   13.094714] cloud-init[656]: ci-info: |   5   |    local    |    ::   |   enp0s8  |   U   |
[   13.094815] cloud-init[656]: ci-info: |   6   |   ff00::/8  |    ::   |   enp0s8  |   U   |
[   13.094866] cloud-init[656]: ci-info: |   7   |   ff00::/8  |    ::   |   enp0s3  |   U   |
[   13.094914] cloud-init[656]: ci-info: +-------+-------------+---------+-----------+-------+
] Started Initial cloud-init job (metadata service crawler).
[[0;32m  OK  [0m] Reached target Cloud-config availability.
[[0;32m  OK  [0m] Reached target System Initialization.
         Starting LXD - unix socket.
[[0;32m  OK  [0m] Listening on Open-iSCSI iscsid Socket.
[[0;32m  OK  [0m] Started Daily Cleanup of Temporary Directories.
[[0;32m  OK  [0m] Started Daily apt download activities.
[[0;32m  OK  [0m] Started Daily apt upgrade and clean activities.
[[0;32m  OK  [0m] Started ACPI Events Check.
[[0;32m  OK  [0m] Listening on D-Bus System Message Bus Socket.
[[0;32m  OK  [0m] Reached target Paths.
[[0;32m  OK  [0m] Started Message of the Day.
[[0;32m  OK  [0m] Listening on UUID daemon activation socket.
[[0;32m  OK  [0m] Started Discard unused blocks once a week.
         Starting Socket activation for snappy daemon.
[[0;32m  OK  [0m] Started Clean PHP session files every 30 mins.
[[0;32m  OK  [0m] Reached target Timers.
[[0;32m  OK  [0m] Listening on ACPID Listen Socket.
[[0;32m  OK  [0m] Reached target Network is Online.
[[0;32m  OK  [0m] Reached target Remote File Systems (Pre).
[[0;32m  OK  [0m] Reached target Remote File Systems.
         Starting Availability of block devices...
[[0;32m  OK  [0m] Listening on LXD - unix socket.
[[0;32m  OK  [0m] Listening on Socket activation for snappy daemon.
[[0;32m  OK  [0m] Started Availability of block devices.
[[0;32m  OK  [0m] Reached target Sockets.
[[0;32m  OK  [0m] Reached target Basic System.
[[0;32m  OK  [0m] Started FUSE filesystem for LXC.
         Starting Virtualbox guest utils...
         Starting Snappy daemon...
[[0;32m  OK  [0m] Started D-Bus System Message Bus.
[[0;32m  OK  [0m] Started Regular background program processing daemon.
         Starting The Apache HTTP Server...
         Starting LSB: Record successful boot for GRUB...
         Starting Dispatcher daemon for systemd-networkd...
         Starting Clean php session files...
         Starting MariaDB 10.1.34 database server...
         Starting System Logging Service...
[[0;32m  OK  [0m] Started Deferred execution scheduler.
         Starting Permit User Sessions...
         Starting Login Service...
         Starting Postfix Mail Transport Agent (instance -)...
         Starting OpenBSD Secure Shell server...
         Starting LSB: automatic crash report generation...
         Starting Accounts Service...
[[0;32m  OK  [0m] Started Unattended Upgrades Shutdown.
[[0;32m  OK  [0m] Started irqbalance daemon.
         Starting LXD - container startup/shutdown...
[[0;32m  OK  [0m] Started System Logging Service.
[[0;32m  OK  [0m] Started Snappy daemon.
[[0;32m  OK  [0m] Started Permit User Sessions.
[[0;32m  OK  [0m] Started Login Service.
         Starting Hold until boot process finishes up...
         Starting Terminate Plymouth Boot Screen...
         Starting Wait until snapd is fully seeded...
[[0;32m  OK  [0m] Started OpenBSD Secure Shell server.
[[0;32m  OK  [0m] Started Hold until boot process finishes up.
[[0;32m  OK  [0m] Started Terminate Plymouth Boot Screen.
[[0;32m  OK  [0m] Started LSB: automatic crash report generation.
[[0;32m  OK  [0m] Started Serial Getty on ttyS0.
         Starting Set console scheme...
[[0;32m  OK  [0m] Started Set console scheme.
         Starting Authorization Manager...
[[0;32m  OK  [0m] Created slice system-getty.slice.
[[0;32m  OK  [0m] Started Getty on tty1.
[[0;32m  OK  [0m] Reached target Login Prompts.
[[0;32m  OK  [0m] Started LSB: Record successful boot for GRUB.
[[0;32m  OK  [0m] Started Wait until snapd is fully seeded.
         Starting Apply the settings specified in cloud-config...
[[0;32m  OK  [0m] Started The Apache HTTP Server.
[[0;32m  OK  [0m] Started LXD - container startup/shutdown.
[[0;32m  OK  [0m] Started Virtualbox guest utils.
[[0;32m  OK  [0m] Started Authorization Manager.
[[0;32m  OK  [0m] Started Accounts Service.
[[0;32m  OK  [0m] Started Dispatcher daemon for systemd-networkd.
[[0;32m  OK  [0m] Created slice User Slice of vagrant.
         Starting User Manager for UID 1000...
[[0;32m  OK  [0m] Started Session 1 of user vagrant.
[[0;32m  OK  [0m] Started User Manager for UID 1000.
[[0;32m  OK  [0m] Started Clean php session files.
[[0;32m  OK  [0m] Started Postfix Mail Transport Agent (instance -).
         Starting Postfix Mail Transport Agent...
[[0;32m  OK  [0m] Started Postfix Mail Transport Agent.
[   16.911144] cloud-init[927]: Cloud-init v. 18.4-0ubuntu1~18.04.1 running 'modules:config' at Mon, 05 Nov 2018 22:08:14 +0000. Up 16.67 seconds.
[[0;32m  OK  [0m] Started MariaDB 10.1.34 database server.
[[0;32m  OK  [0m] Reached target Multi-User System.
[[0;32m  OK  [0m] Reached target Graphical Interface.
         Starting Update UTMP about System Runlevel Changes...
[[0;32m  OK  [0m] Started Update UTMP about System Runlevel Changes.
[[0;32m  OK  [0m] Started Apply the settings specified in cloud-config.
         Starting Execute cloud user/final scripts...
[   18.363941] cloud-init[1472]: Cloud-init v. 18.4-0ubuntu1~18.04.1 running 'modules:final' at Mon, 05 Nov 2018 22:08:16 +0000. Up 18.17 seconds.
[   18.408234] cloud-init[1472]: Cloud-init v. 18.4-0ubuntu1~18.04.1 finished at Mon, 05 Nov 2018 22:08:16 +0000. Datasource DataSourceNoCloud [seed=/dev/sdb][dsmode=net].  Up 18.35 seconds
[[0;32m  OK  [0m] Started Execute cloud user/final scripts.
[[0;32m  OK  [0m] Reached target Cloud-init target.

Ubuntu 18.04.1 LTS ubuntu-bionic ttyS0

ubuntu-bionic login: 