[    0.000000] Linux version 4.15.0-36-generic (buildd@lgw01-amd64-031) (gcc version 7.3.0 (Ubuntu 7.3.0-16ubuntu3)) #39-Ubuntu SMP Mon Sep 24 16:19:09 UTC 2018 (Ubuntu 4.15.0-36.39-generic 4.15.18)
[    0.000000] Command line: BOOT_IMAGE=/boot/vmlinuz-4.15.0-36-generic root=LABEL=cloudimg-rootfs ro console=tty1 console=ttyS0
[    0.000000] KERNEL supported cpus:
[    0.000000]   Intel GenuineIntel
[    0.000000]   AMD AuthenticAMD
[    0.000000]   Centaur CentaurHauls
[    0.000000] x86/fpu: Supporting XSAVE feature 0x001: 'x87 floating point registers'
[    0.000000] x86/fpu: Supporting XSAVE feature 0x002: 'SSE registers'
[    0.000000] x86/fpu: Supporting XSAVE feature 0x004: 'AVX registers'
[    0.000000] x86/fpu: xstate_offset[2]:  576, xstate_sizes[2]:  256
[    0.000000] x86/fpu: Enabled xstate features 0x7, context size is 832 bytes, using 'standard' format.
[    0.000000] e820: BIOS-provided physical RAM map:
[    0.000000] BIOS-e820: [mem 0x0000000000000000-0x000000000009fbff] usable
[    0.000000] BIOS-e820: [mem 0x000000000009fc00-0x000000000009ffff] reserved
[    0.000000] BIOS-e820: [mem 0x00000000000f0000-0x00000000000fffff] reserved
[    0.000000] BIOS-e820: [mem 0x0000000000100000-0x000000007cfeffff] usable
[    0.000000] BIOS-e820: [mem 0x000000007cff0000-0x000000007cffffff] ACPI data
[    0.000000] BIOS-e820: [mem 0x00000000fec00000-0x00000000fec00fff] reserved
[    0.000000] BIOS-e820: [mem 0x00000000fee00000-0x00000000fee00fff] reserved
[    0.000000] BIOS-e820: [mem 0x00000000fffc0000-0x00000000ffffffff] reserved
[    0.000000] NX (Execute Disable) protection: active
[    0.000000] SMBIOS 2.5 present.
[    0.000000] DMI: innotek GmbH VirtualBox/VirtualBox, BIOS VirtualBox 12/01/2006
[    0.000000] Hypervisor detected: KVM
[    0.000000] e820: last_pfn = 0x7cff0 max_arch_pfn = 0x400000000
[    0.000000] MTRR: Disabled
[    0.000000] x86/PAT: MTRRs disabled, skipping PAT initialization too.
[    0.000000] CPU MTRRs all blank - virtualized system.
[    0.000000] x86/PAT: Configuration [0-7]: WB  WT  UC- UC  WB  WT  UC- UC  
[    0.000000] found SMP MP-table at [mem 0x0009fff0-0x0009ffff] mapped at [        (ptrval)]
[    0.000000] Scanning 1 areas for low memory corruption
[    0.000000] RAMDISK: [mem 0x35ae3000-0x36d68fff]
[    0.000000] ACPI: Early table checksum verification disabled
[    0.000000] ACPI: RSDP 0x00000000000E0000 000024 (v02 VBOX  )
[    0.000000] ACPI: XSDT 0x000000007CFF0030 00003C (v01 VBOX   VBOXXSDT 00000001 ASL  00000061)
[    0.000000] ACPI: FACP 0x000000007CFF00F0 0000F4 (v04 VBOX   VBOXFACP 00000001 ASL  00000061)
[    0.000000] ACPI: DSDT 0x000000007CFF0470 0021FF (v02 VBOX   VBOXBIOS 00000002 INTL 20100528)
[    0.000000] ACPI: FACS 0x000000007CFF0200 000040
[    0.000000] ACPI: FACS 0x000000007CFF0200 000040
[    0.000000] ACPI: APIC 0x000000007CFF0240 000054 (v02 VBOX   VBOXAPIC 00000001 ASL  00000061)
[    0.000000] ACPI: SSDT 0x000000007CFF02A0 0001CC (v01 VBOX   VBOXCPUT 00000002 INTL 20100528)
[    0.000000] No NUMA configuration found
[    0.000000] Faking a node at [mem 0x0000000000000000-0x000000007cfeffff]
[    0.000000] NODE_DATA(0) allocated [mem 0x7cfc5000-0x7cfeffff]
[    0.000000] kvm-clock: cpu 0, msr 0:7cf44001, primary cpu clock
[    0.000000] kvm-clock: Using msrs 4b564d01 and 4b564d00
[    0.000000] kvm-clock: using sched offset of 4427099059 cycles
[    0.000000] clocksource: kvm-clock: mask: 0xffffffffffffffff max_cycles: 0x1cd42e4dffb, max_idle_ns: 881590591483 ns
[    0.000000] Zone ranges:
[    0.000000]   DMA      [mem 0x0000000000001000-0x0000000000ffffff]
[    0.000000]   DMA32    [mem 0x0000000001000000-0x000000007cfeffff]
[    0.000000]   Normal   empty
[    0.000000]   Device   empty
[    0.000000] Movable zone start for each node
[    0.000000] Early memory node ranges
[    0.000000]   node   0: [mem 0x0000000000001000-0x000000000009efff]
[    0.000000]   node   0: [mem 0x0000000000100000-0x000000007cfeffff]
[    0.000000] Initmem setup node 0 [mem 0x0000000000001000-0x000000007cfeffff]
[    0.000000] Reserved but unavailable: 98 pages
[    0.000000] ACPI: PM-Timer IO Port: 0x4008
[    0.000000] IOAPIC[0]: apic_id 1, version 32, address 0xfec00000, GSI 0-23
[    0.000000] ACPI: INT_SRC_OVR (bus 0 bus_irq 0 global_irq 2 dfl dfl)
[    0.000000] ACPI: INT_SRC_OVR (bus 0 bus_irq 9 global_irq 9 low level)
[    0.000000] Using ACPI (MADT) for SMP configuration information
[    0.000000] smpboot: Allowing 1 CPUs, 0 hotplug CPUs
[    0.000000] PM: Registered nosave memory: [mem 0x00000000-0x00000fff]
[    0.000000] PM: Registered nosave memory: [mem 0x0009f000-0x0009ffff]
[    0.000000] PM: Registered nosave memory: [mem 0x000a0000-0x000effff]
[    0.000000] PM: Registered nosave memory: [mem 0x000f0000-0x000fffff]
[    0.000000] e820: [mem 0x7d000000-0xfebfffff] available for PCI devices
[    0.000000] Booting paravirtualized kernel on KVM
[    0.000000] clocksource: refined-jiffies: mask: 0xffffffff max_cycles: 0xffffffff, max_idle_ns: 7645519600211568 ns
[    0.000000] random: get_random_bytes called from start_kernel+0x99/0x4fd with crng_init=0
[    0.000000] setup_percpu: NR_CPUS:8192 nr_cpumask_bits:1 nr_cpu_ids:1 nr_node_ids:1
[    0.000000] percpu: Embedded 46 pages/cpu @        (ptrval) s151552 r8192 d28672 u2097152
[    0.000000] PV qspinlock hash table entries: 256 (order: 0, 4096 bytes)
[    0.000000] Built 1 zonelists, mobility grouping on.  Total pages: 503865
[    0.000000] Policy zone: DMA32
[    0.000000] Kernel command line: BOOT_IMAGE=/boot/vmlinuz-4.15.0-36-generic root=LABEL=cloudimg-rootfs ro console=tty1 console=ttyS0
[    0.000000] Memory: 1966840K/2047544K available (12300K kernel code, 2472K rwdata, 4248K rodata, 2408K init, 2416K bss, 80704K reserved, 0K cma-reserved)
[    0.000000] SLUB: HWalign=64, Order=0-3, MinObjects=0, CPUs=1, Nodes=1
[    0.000000] Kernel/User page tables isolation: enabled
[    0.000000] ftrace: allocating 39168 entries in 154 pages
[    0.004000] Hierarchical RCU implementation.
[    0.004000] 	RCU restricting CPUs from NR_CPUS=8192 to nr_cpu_ids=1.
[    0.004000] 	Tasks RCU enabled.
[    0.004000] RCU: Adjusting geometry for rcu_fanout_leaf=16, nr_cpu_ids=1
[    0.004000] NR_IRQS: 524544, nr_irqs: 256, preallocated irqs: 16
[    0.004000] Console: colour VGA+ 80x25
[    0.004000] console [tty1] enabled
[    0.004000] console [ttyS0] enabled
[    0.004000] ACPI: Core revision 20170831
[    0.004000] ACPI: 2 ACPI AML tables successfully acquired and loaded
[    0.004000] APIC: Switch to symmetric I/O mode setup
[    0.004000] x2apic enabled
[    0.004009] Switched APIC routing to physical x2apic.
[    0.009256] ..TIMER: vector=0x30 apic1=0 pin1=2 apic2=-1 pin2=-1
[    0.012004] tsc: Detected 2194.998 MHz processor
[    0.016013] Calibrating delay loop (skipped) preset value.. 4389.99 BogoMIPS (lpj=8779992)
[    0.020004] pid_max: default: 32768 minimum: 301
[    0.024035] Security Framework initialized
[    0.025390] Yama: becoming mindful.
[    0.026559] AppArmor: AppArmor initialized
[    0.029860] Dentry cache hash table entries: 262144 (order: 9, 2097152 bytes)
[    0.036044] Inode-cache hash table entries: 131072 (order: 8, 1048576 bytes)
[    0.040032] Mount-cache hash table entries: 4096 (order: 3, 32768 bytes)
[    0.044017] Mountpoint-cache hash table entries: 4096 (order: 3, 32768 bytes)
[    0.048650] mce: CPU supports 0 MCE banks
[    0.052023] process: using mwait in idle threads
[    0.056007] Last level iTLB entries: 4KB 512, 2MB 8, 4MB 8
[    0.057734] Last level dTLB entries: 4KB 512, 2MB 32, 4MB 32, 1GB 0
[    0.059712] Spectre V2 : Mitigation: Full generic retpoline
[    0.060002] Spectre V2 : Spectre v2 / SpectreRSB mitigation: Filling RSB on context switch
[    0.062607] Speculative Store Bypass: Vulnerable
[    0.082773] Freeing SMP alternatives memory: 36K
[    0.092000] smpboot: CPU0: Intel(R) Core(TM) i7-2675QM CPU @ 2.20GHz (family: 0x6, model: 0x2a, stepping: 0x7)
[    0.092106] Performance Events: unsupported p6 CPU model 42 no PMU driver, software events only.
[    0.096052] Hierarchical SRCU implementation.
[    0.101113] NMI watchdog: Perf event create on CPU 0 failed with -2
[    0.104007] NMI watchdog: Perf NMI watchdog permanently disabled
[    0.108106] smp: Bringing up secondary CPUs ...
[    0.112005] smp: Brought up 1 node, 1 CPU
[    0.116003] smpboot: Max logical packages: 1
[    0.120003] smpboot: Total of 1 processors activated (4389.99 BogoMIPS)
[    0.124206] devtmpfs: initialized
[    0.128061] x86/mm: Memory block size: 128MB
[    0.132441] evm: security.selinux
[    0.136026] evm: security.SMACK64
[    0.140006] evm: security.SMACK64EXEC
[    0.144004] evm: security.SMACK64TRANSMUTE
[    0.148009] evm: security.SMACK64MMAP
[    0.152004] evm: security.apparmor
[    0.156003] evm: security.ima
[    0.157108] evm: security.capability
[    0.158398] clocksource: jiffies: mask: 0xffffffff max_cycles: 0xffffffff, max_idle_ns: 7645041785100000 ns
[    0.160008] futex hash table entries: 256 (order: 2, 16384 bytes)
[    0.164129] pinctrl core: initialized pinctrl subsystem
[    0.168169] RTC time:  6:38:23, date: 10/09/18
[    0.172117] NET: Registered protocol family 16
[    0.176149] audit: initializing netlink subsys (disabled)
[    0.180256] cpuidle: using governor ladder
[    0.184008] audit: type=2000 audit(1539067108.896:1): state=initialized audit_enabled=0 res=1
[    0.188006] cpuidle: using governor menu
[    0.192045] ACPI: bus type PCI registered
[    0.196011] acpiphp: ACPI Hot Plug PCI Controller Driver version: 0.5
[    0.200937] PCI: Using configuration type 1 for base access
[    0.205545] HugeTLB registered 2.00 MiB page size, pre-allocated 0 pages
[    0.208266] ACPI: Added _OSI(Module Device)
[    0.212011] ACPI: Added _OSI(Processor Device)
[    0.216007] ACPI: Added _OSI(3.0 _SCP Extensions)
[    0.220007] ACPI: Added _OSI(Processor Aggregator Device)
[    0.221903] ACPI: Added _OSI(Linux-Dell-Video)
[    0.224017] ACPI: Added _OSI(Linux-Lenovo-NV-HDMI-Audio)
[    0.226329] ACPI: Executed 1 blocks of module-level executable AML code
[    0.235164] ACPI: Interpreter enabled
[    0.236038] ACPI: (supports S0 S5)
[    0.240010] ACPI: Using IOAPIC for interrupt routing
[    0.244360] PCI: Using host bridge windows from ACPI; if necessary, use "pci=nocrs" and report a bug
[    0.248493] ACPI: Enabled 2 GPEs in block 00 to 07
[    0.264111] ACPI: PCI Root Bridge [PCI0] (domain 0000 [bus 00-ff])
[    0.268013] acpi PNP0A03:00: _OSC: OS supports [ASPM ClockPM Segments MSI]
[    0.272070] acpi PNP0A03:00: _OSC: not requesting OS control; OS requires [ExtendedConfig ASPM ClockPM MSI]
[    0.276021] acpi PNP0A03:00: fail to add MMCONFIG information, can't access extended PCI configuration space under this bridge.
[    0.284619] PCI host bridge to bus 0000:00
[    0.287935] pci_bus 0000:00: root bus resource [io  0x0000-0x0cf7 window]
[    0.288006] pci_bus 0000:00: root bus resource [io  0x0d00-0xffff window]
[    0.292006] pci_bus 0000:00: root bus resource [mem 0x000a0000-0x000bffff window]
[    0.296007] pci_bus 0000:00: root bus resource [mem 0x7d000000-0xfdffffff window]
[    0.299233] pci_bus 0000:00: root bus resource [bus 00-ff]
[    0.307120] pci 0000:00:01.1: legacy IDE quirk: reg 0x10: [io  0x01f0-0x01f7]
[    0.308015] pci 0000:00:01.1: legacy IDE quirk: reg 0x14: [io  0x03f6]
[    0.312014] pci 0000:00:01.1: legacy IDE quirk: reg 0x18: [io  0x0170-0x0177]
[    0.316012] pci 0000:00:01.1: legacy IDE quirk: reg 0x1c: [io  0x0376]
[    0.386363] pci 0000:00:07.0: quirk: [io  0x4000-0x403f] claimed by PIIX4 ACPI
[    0.388041] pci 0000:00:07.0: quirk: [io  0x4100-0x410f] claimed by PIIX4 SMB
[    0.418865] ACPI: PCI Interrupt Link [LNKA] (IRQs 5 9 10 *11)
[    0.420398] ACPI: PCI Interrupt Link [LNKB] (IRQs 5 9 *10 11)
[    0.424250] ACPI: PCI Interrupt Link [LNKC] (IRQs 5 *9 10 11)
[    0.428205] ACPI: PCI Interrupt Link [LNKD] (IRQs 5 9 10 *11)
[    0.432556] SCSI subsystem initialized
[    0.436351] pci 0000:00:02.0: vgaarb: setting as boot VGA device
[    0.438502] pci 0000:00:02.0: vgaarb: VGA device added: decodes=io+mem,owns=io+mem,locks=none
[    0.440013] pci 0000:00:02.0: vgaarb: bridge control possible
[    0.444006] vgaarb: loaded
[    0.448063] ACPI: bus type USB registered
[    0.452036] usbcore: registered new interface driver usbfs
[    0.456049] usbcore: registered new interface driver hub
[    0.460041] usbcore: registered new device driver usb
[    0.464097] EDAC MC: Ver: 3.0.0
[    0.468518] PCI: Using ACPI for IRQ routing
[    0.476621] NetLabel: Initializing
[    0.484009] NetLabel:  domain hash size = 128
[    0.488004] NetLabel:  protocols = UNLABELED CIPSOv4 CALIPSO
[    0.490135] NetLabel:  unlabeled traffic allowed by default
[    0.492144] clocksource: Switched to clocksource kvm-clock
[    0.523964] VFS: Disk quotas dquot_6.6.0
[    0.553402] VFS: Dquot-cache hash table entries: 512 (order 0, 4096 bytes)
[    0.560742] AppArmor: AppArmor Filesystem Enabled
[    0.585774] pnp: PnP ACPI init
[    0.588584] pnp: PnP ACPI: found 3 devices
[    0.629009] clocksource: acpi_pm: mask: 0xffffff max_cycles: 0xffffff, max_idle_ns: 2085701024 ns
[    0.687222] NET: Registered protocol family 2
[    0.694266] TCP established hash table entries: 16384 (order: 5, 131072 bytes)
[    0.713795] TCP bind hash table entries: 16384 (order: 6, 262144 bytes)
[    0.744752] TCP: Hash tables configured (established 16384 bind 16384)
[    0.754768] UDP hash table entries: 1024 (order: 3, 32768 bytes)
[    0.784157] UDP-Lite hash table entries: 1024 (order: 3, 32768 bytes)
[    0.814732] NET: Registered protocol family 1
[    0.844011] pci 0000:00:00.0: Limiting direct PCI/PCI transfers
[    0.864724] pci 0000:00:01.0: Activating ISA DMA hang workarounds
[    0.874850] pci 0000:00:02.0: Video device with shadowed ROM at [mem 0x000c0000-0x000dffff]
[    0.891120] Unpacking initramfs...
[    1.212594] Freeing initrd memory: 18968K
[    1.217125] platform rtc_cmos: registered platform RTC device (no PNP device found)
[    1.223857] Scanning for low memory corruption every 60 seconds
[    1.254861] Initialise system trusted keyrings
[    1.258285] Key type blacklist registered
[    1.263899] workingset: timestamp_bits=36 max_order=19 bucket_order=0
[    1.267672] zbud: loaded
[    1.269151] squashfs: version 4.0 (2009/01/31) Phillip Lougher
[    1.273031] fuse init (API version 7.26)
[    1.276226] Key type asymmetric registered
[    1.277946] Asymmetric key parser 'x509' registered
[    1.281466] Block layer SCSI generic (bsg) driver version 0.4 loaded (major 246)
[    1.284709] io scheduler noop registered
[    1.288633] io scheduler deadline registered
[    1.293267] io scheduler cfq registered (default)
[    1.296226] ACPI: AC Adapter [AC] (on-line)
[    1.299509] input: Power Button as /devices/LNXSYSTM:00/LNXPWRBN:00/input/input0
[    1.302650] ACPI: Power Button [PWRF]
[    1.304477] input: Sleep Button as /devices/LNXSYSTM:00/LNXSLPBN:00/input/input1
[    1.308684] ACPI: Sleep Button [SLPF]
[    1.312265] Serial: 8250/16550 driver, 32 ports, IRQ sharing enabled
[    1.316990] ACPI: Battery Slot [BAT0] (battery present)
[    1.346557] 00:02: ttyS0 at I/O 0x3f8 (irq = 4, base_baud = 115200) is a 16550A
[    1.352828] Linux agpgart interface v0.103
[    1.355742] loop: module loaded
[    1.364697] scsi host0: ata_piix
[    1.374469] scsi host1: ata_piix
[    1.384364] ata1: PATA max UDMA/33 cmd 0x1f0 ctl 0x3f6 bmdma 0xd000 irq 14
[    1.413865] ata2: PATA max UDMA/33 cmd 0x170 ctl 0x376 bmdma 0xd008 irq 15
[    1.420602] libphy: Fixed MDIO Bus: probed
[    1.443436] tun: Universal TUN/TAP device driver, 1.6
[    1.453918] PPP generic driver version 2.4.2
[    1.463654] ehci_hcd: USB 2.0 'Enhanced' Host Controller (EHCI) Driver
[    1.474480] ehci-pci: EHCI PCI platform driver
[    1.482944] ehci-platform: EHCI generic platform driver
[    1.484762] ohci_hcd: USB 1.1 'Open' Host Controller (OHCI) Driver
[    1.487361] ohci-pci: OHCI PCI platform driver
[    1.488978] ohci-platform: OHCI generic platform driver
[    1.506892] uhci_hcd: USB Universal Host Controller Interface driver
[    1.516548] i8042: PNP: PS/2 Controller [PNP0303:PS2K,PNP0f03:PS2M] at 0x60,0x64 irq 1,12
[    1.519668] serio: i8042 KBD port at 0x60,0x64 irq 1
[    1.524425] serio: i8042 AUX port at 0x60,0x64 irq 12
[    1.526276] mousedev: PS/2 mouse device common for all mice
[    1.528380] input: AT Translated Set 2 keyboard as /devices/platform/i8042/serio0/input/input2
[    1.556944] rtc_cmos rtc_cmos: rtc core: registered rtc_cmos as rtc0
[    1.568715] rtc_cmos rtc_cmos: alarms up to one day, 114 bytes nvram
[    1.584949] i2c /dev entries driver
[    1.594060] pcie_mp2_amd: AMD(R) PCI-E MP2 Communication Driver Version: 1.0
[    1.602352] device-mapper: uevent: version 1.0.3
[    1.604123] device-mapper: ioctl: 4.37.0-ioctl (2017-09-20) initialised: dm-devel@redhat.com
[    1.606982] ledtrig-cpu: registered to indicate activity on CPUs
[    1.615090] NET: Registered protocol family 10
[    1.637678] Segment Routing with IPv6
[    1.644187] NET: Registered protocol family 17
[    1.654939] Key type dns_resolver registered
[    1.664820] RAS: Correctable Errors collector initialized.
[    1.671470] sched_clock: Marking stable (1671439074, 0)->(2971461111, -1300022037)
[    1.676018] registered taskstats version 1
[    1.684228] Loading compiled-in X.509 certificates
[    1.696889] Loaded X.509 cert 'Build time autogenerated kernel key: fcd93cd0852f7ae1da10896371e06e3c19479c00'
[    1.705854] zswap: loaded using pool lzo/zbud
[    1.741724] Key type big_key registered
[    1.754188] Key type trusted registered
[    1.761909] Key type encrypted registered
[    1.769566] AppArmor: AppArmor sha1 policy hashing enabled
[    1.774604] ima: No TPM chip found, activating TPM-bypass! (rc=-19)
[    1.807387] ima: Allocated hash algorithm: sha1
[    1.814403] evm: HMAC attrs: 0x1
[    1.817975]   Magic number: 6:914:619
[    1.820677] rtc_cmos rtc_cmos: setting system clock to 2018-10-09 06:38:25 UTC (1539067105)
[    1.834394] BIOS EDD facility v0.16 2004-Jun-25, 0 devices found
[    1.865391] EDD information not available.
[    1.869422] Freeing unused kernel memory: 2408K
[    1.880746] Write protecting the kernel read-only data: 20480k
[    1.886906] Freeing unused kernel memory: 2008K
[    1.898067] Freeing unused kernel memory: 1896K
[    1.908848] x86/mm: Checked W+X mappings: passed, no W+X pages found.
[    1.914301] x86/mm: Checking user space page tables
[    1.956625] x86/mm: Checked W+X mappings: passed, no W+X pages found.
Loading, please wait...
starting version 237
[    2.147822] e1000: Intel(R) PRO/1000 Network Driver - version 7.3.21-k8-NAPI
[    2.164681] e1000: Copyright (c) 1999-2006 Intel Corporation.
[    2.208540] Fusion MPT base driver 3.04.20
[    2.224108] Copyright (c) 1999-2008 LSI Corporation
[    2.240081] tsc: Refined TSC clocksource calibration: 2195.731 MHz
[    2.242196] clocksource: tsc: mask: 0xffffffffffffffff max_cycles: 0x1fa67224ac2, max_idle_ns: 440795288552 ns
[    2.268952] AVX version of gcm_enc/dec engaged.
[    2.273675] AES CTR mode by8 optimization enabled
[    2.313858] Fusion MPT SPI Host driver 3.04.20
[    2.329443] mptbase: ioc0: Initiating bringup
[    2.409919] input: ImExPS/2 Generic Explorer Mouse as /devices/platform/i8042/serio1/input/input4
[    2.432333] ioc0: LSI53C1030 A0: Capabilities={Initiator}
[    2.674258] scsi host2: ioc0: LSI53C1030 A0, FwRev=00000000h, Ports=1, MaxQ=256, IRQ=20
[    2.845983] scsi 2:0:0:0: Direct-Access     VBOX     HARDDISK         1.0  PQ: 0 ANSI: 5
[    2.865005] scsi target2:0:0: Beginning Domain Validation
[    2.874970] random: fast init done
[    2.888688] scsi target2:0:0: Domain Validation skipping write tests
[    2.890832] scsi target2:0:0: Ending Domain Validation
[    2.892694] scsi target2:0:0: asynchronous
[    2.894588] scsi 2:0:1:0: Direct-Access     VBOX     HARDDISK         1.0  PQ: 0 ANSI: 5
[    2.897204] scsi target2:0:1: Beginning Domain Validation
[    2.900063] scsi target2:0:1: Domain Validation skipping write tests
[    2.902055] scsi target2:0:1: Ending Domain Validation
[    2.903744] scsi target2:0:1: asynchronous
[    2.998286] sd 2:0:0:0: Attached scsi generic sg0 type 0
[    3.005110] random: systemd-udevd: uninitialized urandom read (16 bytes read)
[    3.011089] sd 2:0:0:0: [sda] 20971520 512-byte logical blocks: (10.7 GB/10.0 GiB)
[    3.020866] sd 2:0:1:0: Attached scsi generic sg1 type 0
[    3.029130] random: systemd-udevd: uninitialized urandom read (16 bytes read)
[    3.031410] sd 2:0:1:0: [sdb] 20480 512-byte logical blocks: (10.5 MB/10.0 MiB)
[    3.040280] sd 2:0:0:0: [sda] Write Protect is off
[    3.053798] random: systemd-udevd: uninitialized urandom read (16 bytes read)
[    3.060252] sd 2:0:1:0: [sdb] Write Protect is off
[    3.067385] sd 2:0:1:0: [sdb] Incomplete mode parameter data
[    3.069329] sd 2:0:1:0: [sdb] Assuming drive cache: write through
[    3.083730] sd 2:0:0:0: [sda] Incomplete mode parameter data
[    3.088384] sd 2:0:0:0: [sda] Assuming drive cache: write through
[    3.143111]  sda: sda1
[    3.170427] sd 2:0:1:0: [sdb] Attached SCSI disk
[    3.196900] sd 2:0:0:0: [sda] Attached SCSI disk
[    3.479378] e1000 0000:00:03.0 eth0: (PCI:33MHz:32-bit) 02:64:b1:f0:58:a2
[    3.485273] e1000 0000:00:03.0 eth0: Intel(R) PRO/1000 Network Connection
[    3.964183] e1000 0000:00:08.0 eth1: (PCI:33MHz:32-bit) 08:00:27:5f:b5:03
[    3.966619] e1000 0000:00:08.0 eth1: Intel(R) PRO/1000 Network Connection
[    3.976232] e1000 0000:00:08.0 enp0s8: renamed from eth1
[    4.024363] e1000 0000:00:03.0 enp0s3: renamed from eth0
Begin: Loading essential drivers ... [    5.522790] raid6: sse2x1   gen()  8601 MB/s
[    5.592223] raid6: sse2x1   xor()  5486 MB/s
[    5.645319] raid6: sse2x2   gen()  9011 MB/s
[    5.705247] raid6: sse2x2   xor()  6134 MB/s
[    5.772277] raid6: sse2x4   gen() 13336 MB/s
[    5.832373] raid6: sse2x4   xor()  7401 MB/s
[    5.840758] raid6: using algorithm sse2x4 gen() 13336 MB/s
[    5.844192] raid6: .... xor() 7401 MB/s, rmw enabled
[    5.846446] raid6: using ssse3x2 recovery algorithm
[    5.852684] xor: automatically using best checksumming function   avx       
[    5.859208] async_tx: api initialized (async)
done.
Begin: Running /scripts/init-premount ... done.
Begin: Mounting root file system ... Begin: Running /scripts/local-top ... done.
Begin: Running /scripts/local-premount ... [    5.956241] Btrfs loaded, crc32c=crc32c-intel
Scanning for Btrfs filesystems
done.
Warning: fsck not present, so skipping root file system
[    6.065980] EXT4-fs (sda1): mounted filesystem with ordered data mode. Opts: (null)
done.
Begin: Running /scripts/local-bottom ... done.
Begin: Running /scripts/init-bottom ... done.
[    6.261386] ip_tables: (C) 2000-2006 Netfilter Core Team
[    6.339389] systemd[1]: systemd 237 running in system mode. (+PAM +AUDIT +SELINUX +IMA +APPARMOR +SMACK +SYSVINIT +UTMP +LIBCRYPTSETUP +GCRYPT +GNUTLS +ACL +XZ +LZ4 +SECCOMP +BLKID +ELFUTILS +KMOD -IDN2 +IDN -PCRE2 default-hierarchy=hybrid)
[    6.354946] systemd[1]: Detected virtualization oracle.
[    6.390197] systemd[1]: Detected architecture x86-64.

Welcome to [1mUbuntu 18.04.1 LTS[0m!

[    6.454348] systemd[1]: Set hostname to <ubuntu-bionic>.
[    6.967360] systemd[1]: Created slice User and Session Slice.
[[0;32m  OK  [0m] Created slice User and Session Slice.
[    6.982622] systemd[1]: Set up automount Arbitrary Executable File Formats File System Automount Point.
[[0;32m  OK  [0m] Set up automount Arbitrary Executab…rmats File System Automount Point.
[    6.992644] systemd[1]: Started Forward Password Requests to Wall Directory Watch.
[[0;32m  OK  [0m] Started Forward Password Requests to Wall Directory Watch.
[    7.001659] systemd[1]: Reached target System Time Synchronized.
[[0;32m  OK  [0m] Reached target System Time Synchronized.
[    7.008767] systemd[1]: Created slice System Slice.
[[0;32m  OK  [0m] Created slice System Slice.
[    7.014181] systemd[1]: Listening on LVM2 metadata daemon socket.
[[0;32m  OK  [0m] Listening on LVM2 metadata daemon socket.
[[0;32m  OK  [0m] Listening on Syslog Socket.
[[0;32m  OK  [0m] Listening on Device-mapper event daemon FIFOs.
[[0;32m  OK  [0m] Listening on Network Service Netlink Socket.
[[0;32m  OK  [0m] Listening on Journal Audit Socket.
[[0;32m  OK  [0m] Listening on udev Control Socket.
[[0;32m  OK  [0m] Listening on /dev/initctl Compatibility Named Pipe.
[[0;32m  OK  [0m] Listening on Journal Socket (/dev/log).
[[0;32m  OK  [0m] Created slice system-serial\x2dgetty.slice.
[[0;32m  OK  [0m] Listening on LVM2 poll daemon socket.
[[0;32m  OK  [0m] Listening on Journal Socket.
         Starting Create list of required st…ce nodes for the current kernel...
         Mounting Huge Pages File System...
         Starting Load Kernel Modules...
         Mounting Kernel Debug File System...
         Starting Journal Service...
[    7.133267] Loading iSCSI transport class v2.0-870.
         Mounting POSIX Message Queue File System...
         Starting Set the console keyboard layout...
[    7.176564] iscsi: registered transport (tcp)
[[0;32m  OK  [0m] Reached target Slices.
         Starting Uncomplicated firewall...
         Starting Remount Root and Kernel File Systems...
[[0;32m  OK  [0m] Reached target User and Group Name Lookups.
[[0;32m  OK  [0m] Listening on udev Kernel Socket.
         Starting udev Co[    7.266672] EXT4-fs (sda1): re-mounted. Opts: (null)
ldplug all Devices...
[[0;32m  OK  [0m] Reached target Swap.
         [    7.306858] iscsi: registered transport (iser)
Starting Monitoring of LVM2 mirrors…ng dmeventd or progress polling...
[[0;32m  OK  [0m] Started Journal Service.
[[0;32m  OK  [0m] Started Create list of required sta…vice nodes for the current kernel.
[[0;32m  OK  [0m] Mounted Huge Pages File System.
[[0;32m  OK  [0m] Started Load Kernel Modules.
[[0;32m  OK  [0m] Mounted Kernel Debug File System.
[[0;32m  OK  [0m] Mounted POSIX Message Queue File System.
[[0;32m  OK  [0m] Started Uncomplicated firewall.
[[0;32m  OK  [0m] Started Remount Root and Kernel File Systems.
[[0;32m  OK  [0m] Started Set the console keyboard layout.
[[0;32m  OK  [0m] Started LVM2 metadata daemon.
         Starting Load/Save Random Seed...
[    7.567026] random: crng init done
[    7.568363] random: 7 urandom warning(s) missed due to ratelimiting
         Starting Initial cloud-init job (pre-networking)...
         Starting Apply Kernel Variables...
         Mounting FUSE Control File System...
         Mounting Kernel Configuration File System...
         Starting Create Static Device Nodes in /dev...
         Starting Flush Journal to Persistent Storage...
[[0;32m  OK  [0m] Started udev Coldplug all Devices.
[[0;32m  OK  [0m] Started Monitoring of LVM2 mirrors,…sing dmeventd or progress polling.
[[0;32m  OK  [0m] Started Load/Save Random Seed.
[[0;32m  OK  [0m] Mounted FUSE Control File System.
[[0;32m  OK  [0m] Mounted Kernel Configuration File System.
[[0;32m  OK  [0m] Started Create Static Device Nodes in /dev.
         Starting udev Kernel Device Manager...
[[0;32m  OK  [0m] Reached target Local File Systems (Pre).
[[0;32m  OK  [0m] Reached target Local File Systems.
         Starting Tell Plymouth To Write Out Runtime Data...
         Starting Set console font and keymap...
         Starting ebtables ruleset management...
         Starting AppArmor initialization...
[    7.799033] systemd-journald[391]: Received request to flush runtime journal from PID 1
[[0;32m  OK  [0m] Started udev Kernel Device Manager.
[[0;32m  OK  [0m] Started Dispatch Password Requests to Console Directory Watch.
[[0;32m  OK  [0m] Reached target Local Encrypted Volumes.
[[0;32m  OK  [0m] Started Tell Plymouth To Write Out Runtime Data.
[[0;32m  OK  [0m] Started Set console font and keymap.
[[0;32m  OK  [0m] Started Apply Kernel Variables.
[[0;32m  OK  [0m] Started Flush Journal to Persistent Storage.
         Starting Create Volatile Files and Directories...
[[0;32m  OK  [0m] Started ebtables ruleset management.
[[0;32m  OK  [0m] Started Create Volatile Files and Directories.
         Starting Update UTMP about System Boot/Shutdown...
[[0;32m  OK  [0m] Started Update UTMP about System Boot/Shutdown.
[[0;32m  OK  [0m] Found device /dev/ttyS0.
[[0;32m  OK  [0m] Listening on Load/Save RF Kill Switch Status /dev/rfkill Watch.
[[0;32m  OK  [0m] Started AppArmor initialization.
[   10.392014] cloud-init[413]: Cloud-init v. 18.3-9-g2e62cb8a-0ubuntu1~18.04.2 running 'init-local' at Tue, 09 Oct 2018 06:38:33 +0000. Up 9.97 seconds.
[[0;32m  OK  [0m] Started Initial cloud-init job (pre-networking).
[[0;32m  OK  [0m] Reached target Network (Pre).
         Starting Network Service...
[[0;32m  OK  [0m] Started Network Service.
         Starting Wait for Network to be Configured...
         Starting Network Name Resolution...
[[0;32m  OK  [0m] Started Network Name Resolution.
[[0;32m  OK  [0m] Reached target Network.
[[0;32m  OK  [0m] Reached target Host and Network Name Lookups.
[[0;32m  OK  [0m] Started Wait for Network to be Configured.
         Starting Initial cloud-init job (metadata service crawler)...
[   13.402863] cloud-init[626]: Cloud-init v. 18.3-9-g2e62cb8a-0ubuntu1~18.04.2 running 'init' at Tue, 09 Oct 2018 06:38:36 +0000. Up 12.87 seconds.
[   13.436052] cloud-init[626]: ci-info: ++++++++++++++++++++++++++++++++++++++Net device info+++++++++++++++++++++++++++++++++++++++
[   13.484297] cloud-init[626]: ci-info: +--------+-------+----------------------------+---------------+--------+-------------------+
[   13.498918] cloud-init[626]: ci-info: | Device |   Up  |          Address           |      Mask     | Scope  |     Hw-Address    |
[[0;32m  OK  [0m] Started Initial cloud-init job (metadata service crawler).
[[0;32m  OK  [0m] Reached target Cloud-config availability.
[[0;32m  OK  [0m] Reached target Network is Online.
[   13.527951] cloud-init[626]: ci-info: +--------+-------+----------------------------+---------------+--------+-------------------+
[   13.595625] cloud-init[626]: ci-info: | enp0s3 |  True |         10.0.2.15          | 255.255.255.0 | global | 02:64:b1:f0:58:a2 |
         Starting Availability of block devices...
[[0;32m  OK  [0m] Reached target Remote File Systems (Pre).
[[0;32m  OK  [0m] Reached target Remote File Systems.
[[0;32m  OK  [0m] Reached target System Initialization.
[[0;32m  OK  [0m] Listening on ACPID Listen Socket.
[[0;32m  OK  [0m] Listening on UUID daemon activation socket.
[[0;32m  OK  [0m] Started Daily Cleanup of Temporary Directories.
[   13.613467] cloud-init[626]: ci-info: | enp0s3 |  True | fe80::64:b1ff:fef0:58a2/64 |       .       |  link  | 02:64:b1:f0:58:a2 |
[   13.699654] cloud-init[626]: ci-info: | enp0s8 | False |             .              |       .       |   .    | 08:00:27:5f:b5:03 |
[[0;32m  OK  [0m] Started ACPI Events Check.
[   13.705601] cloud-init[626]: ci-info: |   lo   |  True |         127.0.0.1          |   255.0.0.0   |  host  |         .         |
         Starting LXD - unix socket.
[[0;32m  OK  [0m] Listening on Open-iSCSI iscsid Socket.
[[0;32m  OK  [0m] Listening on D-Bus System Message Bus Socket.
[   13.757035] cloud-init[626]: ci-info: |   lo   |  True |          ::1/128           |       .       |  host  |         .         |
[   13.797040] cloud-init[626]: ci-info: +--------+-------+----------------------------+---------------+--------+-------------------+
[   13.801341] cloud-init[626]: ci-info: ++++++++++++++++++++++++++++Route IPv4 info+++++++++++++++++++++++++++++[[0;32m  OK  [0m] Started Daily apt download activities.
[[0;32m  OK  [0m] Started Daily apt upgrade and clean activities.
         Starting Socket activation for snappy daemon.
[[0;32m  OK  [0m] Reached target Paths.
[[0;32m  OK  [0m] Started Message of the Day.

[[0;32m  OK  [0m] Started Discard unused blocks once a week.
[[0;32m  OK  [0m] Reached target Timers.
[   13.822414] cloud-init[626]: ci-info: +-------+-------------+----------+-----------------+-----------+-------+
[   13.861940] cloud-init[626]: ci-info: | Route | Destination | Gateway  |     Genmask     | Interface | Flags |[[0;32m  OK  [0m] Started Availability of block devices.
[[0;32m  OK  [0m] Listening on LXD - unix socket.
[[0;32m  OK  [0m] Listening on Socket activation for snappy daemon.

[   13.880686] cloud-init[626]: ci-info: +-------+-------------+----------+-----------------+-----------+-------+[[0;32m  OK  [0m] Reached target Sockets.
[[0;32m  OK  [0m] Reached target Basic System.
         Starting LSB: automatic crash report generation...

[   13.901725] cloud-init[626]: ci-info: |   0   |   0.0.0.0   | 10.0.2.2 |     0.0.0.0     |   enp0s3  |   UG  |
         Starting LSB: Record successful boot for GRUB...
[   13.919995]          Starting Dispatcher daemon for systemd-networkd...
cloud-init[626]:          Starting LXD - container startup/shutdown...
ci-info: |   1   |   10.0.2.0  | 0.0.0.0  |  255.255.255.0  |   enp0s3  |   U   |         Starting Permit User Sessions...
         Starting System Logging Service...
[[0;32m  OK  [0m] Started FUSE filesystem for LXC.

[   14.000864] cloud-init[626]: ci-info: |   2   |   10.0.2.2  | 0.0.0.0  | 255.255.255.255 |   enp0s3  |   UH  |
[   14.009846] cloud-init[626]: ci-info: +-------+-------------+----------+-----------------+-----------+-------+
[   14.028630] cloud-init[626]: ci-info: +++++++++++++++++++Route IPv6 info+++++++++++++++++++
[   14.040961] cloud-init[626]: ci-info: +-------+-------------+---------+-----------+-------+
[   14.066461] cloud-init[626]: ci-info: | Route | Destination | Gateway | Interface | Flags |
         Starting OpenBSD Secure Shell server...
[[0;32m  OK  [0m] Started Deferred execution scheduler.
[   14.078838] cloud-init[626]: ci-info: +-------+-------------+---------+-----------+-------+
[   14.102690] cloud-init[626]: ci-info: |   1   |  fe80::/64  |    ::   |   enp0s3  |   U   |
[   14.113544] cloud-init[626]: ci-info: |   3   |    local    |    ::   |   enp0s3  |   U   |
[   14.125596] cloud-init[626]: ci-info: |   4   |   ff00::/8  |    ::   |   enp0s3  |   U   |
[   14.147468] cloud-init[626]: ci-info: +-------+-------------+---------+-----------+-------+
         Starting Snappy daemon...
[[0;32m  OK  [0m] Started D-Bus System Message Bus.
[[0;32m  OK  [0m] Started irqbalance daemon.
         Starting Accounts Service...
[[0;32m  OK  [0m] Started Regular background program processing daemon.
         Starting Virtualbox guest utils...
         Starting Login Service...
[[0;32m  OK  [0m] Started Unattended Upgrades Shutdown.
[[0;32m  OK  [0m] Started System Logging Service.
[[0;32m  OK  [0m] Started LXD - container startup/shutdown.
[[0;32m  OK  [0m] Started Permit User Sessions.
         Starting Terminate Plymouth Boot Screen...
         Starting Hold until boot process finishes up...
[[0;32m  OK  [0m] Started Snappy daemon.
[[0;32m  OK  [0m] Started Dispatcher daemon for systemd-networkd.
[[0;32m  OK  [0m] Started OpenBSD Secure Shell server.
[[0;32m  OK  [0m] Started Terminate Plymouth Boot Screen.
[[0;32m  OK  [0m] Started Hold until boot process finishes up.
[[0;32m  OK  [0m] Started Login Service.
         Starting Authorization Manager...
         Starting Set console scheme...
[[0;32m  OK  [0m] Started Serial Getty on ttyS0.
         Starting Wait until snapd is fully seeded...
[[0;32m  OK  [0m] Started Set console scheme.
[[0;32m  OK  [0m] Created slice system-getty.slice.
[[0;32m  OK  [0m] Started Getty on tty1.
[[0;32m  OK  [0m] Reached target Login Prompts.
[[0;32m  OK  [0m] Started LSB: automatic crash report generation.
[[0;32m  OK  [0m] Started LSB: Record successful boot for GRUB.
[[0;32m  OK  [0m] Started Authorization Manager.
[[0;32m  OK  [0m] Started Accounts Service.
[[0;32m  OK  [0m] Started Wait until snapd is fully seeded.
         Starting Apply the settings specified in cloud-config...
[[0;32m  OK  [0m] Started Virtualbox guest utils.
[[0;32m  OK  [0m] Reached target Multi-User System.
[[0;32m  OK  [0m] Reached target Graphical Interface.
         Starting Update UTMP about System Runlevel Changes...
[[0;32m  OK  [0m] Started Update UTMP about System Runlevel Changes.
[   15.859140] cloud-init[831]: Cloud-init v. 18.3-9-g2e62cb8a-0ubuntu1~18.04.2 running 'modules:config' at Tue, 09 Oct 2018 06:38:39 +0000. Up 15.68 seconds.
[[0;32m  OK  [0m] Started Apply the settings specified in cloud-config.
         Starting Execute cloud user/final scripts...
[[0;32m  OK  [0m] Created slice User Slice of vagrant.
         Starting User Manager for UID 1000...
[[0;32m  OK  [0m] Started Session 1 of user vagrant.
[   17.146495] cloud-init[873]: Cloud-init v. 18.3-9-g2e62cb8a-0ubuntu1~18.04.2 running 'modules:final' at Tue, 09 Oct 2018 06:38:40 +0000. Up 16.49 seconds.
[[0;32m  OK  [0m] Started User Manager for UID 1000.
[   17.174341] cloud-init[873]: Cloud-init v. 18.3-9-g2e62cb8a-0ubuntu1~18.04.2 finished at Tue, 09 Oct 2018 06:38:40 +0000. Datasource DataSourceNoCloud [seed=/dev/sdb][dsmode=net].  Up 17.12 seconds
[[0;32m  OK  [0m] Started Execute cloud user/final scripts.
[[0;32m  OK  [0m] Reached target Cloud-init target.

Ubuntu 18.04.1 LTS ubuntu-bionic ttyS0

ubuntu-bionic login: 